timestamp: 2011-02-04T23:43:45.633914
CREATE TABLE usuarios(
    id INTEGER PRIMARY KEY AUTOINCREMENT,
    name CHAR(128),
    username CHAR(128) UNIQUE,
    email CHAR(128),
    password CHAR(512),
    registration_key CHAR(512),
    reset_password_key CHAR(512),
    registration_id CHAR(512)
);
success!
timestamp: 2011-02-04T23:43:45.636406
CREATE TABLE grupos(
    id INTEGER PRIMARY KEY AUTOINCREMENT,
    role CHAR(512),
    description TEXT
);
success!
timestamp: 2011-02-04T23:43:45.638611
CREATE TABLE relacionamento(
    id INTEGER PRIMARY KEY AUTOINCREMENT,
    user_id INTEGER REFERENCES usuarios(id) ON DELETE CASCADE,
    group_id INTEGER REFERENCES grupos(id) ON DELETE CASCADE
);
success!
timestamp: 2011-02-04T23:43:45.641093
CREATE TABLE autorizacao(
    id INTEGER PRIMARY KEY AUTOINCREMENT,
    group_id INTEGER REFERENCES grupos(id) ON DELETE CASCADE,
    name CHAR(512),
    table_name CHAR(512),
    record_id INTEGER
);
success!
timestamp: 2011-02-04T23:43:45.643818
CREATE TABLE eventos(
    id INTEGER PRIMARY KEY AUTOINCREMENT,
    time_stamp TIMESTAMP,
    client_ip CHAR(512),
    user_id INTEGER REFERENCES usuarios(id) ON DELETE CASCADE,
    origin CHAR(512),
    description TEXT
);
success!
